platforms/android/build/outputs/logs/manifest-merger-debug-report.txt
-- Merging decision tree log ---
manifest
ADDED from platforms\android\AndroidManifest.xml:2:1-45:12
	package
		ADDED from platforms\android\AndroidManifest.xml:2:98-127
		INJECTED from platforms\android\AndroidManifest.xml
		INJECTED from platforms\android\AndroidManifest.xml
	android:versionName
		ADDED from platforms\android\AndroidManifest.xml:2:70-97
		INJECTED from platforms\android\AndroidManifest.xml
		INJECTED from platforms\android\AndroidManifest.xml
	android:hardwareAccelerated
		ADDED from platforms\android\AndroidManifest.xml:2:11-45
	android:versionCode
		ADDED from platforms\android\AndroidManifest.xml:2:46-69
		INJECTED from platforms\android\AndroidManifest.xml
		INJECTED from platforms\android\AndroidManifest.xml
	xmlns:android
		ADDED from platforms\android\AndroidManifest.xml:2:128-186
supports-screens
ADDED from platforms\android\AndroidManifest.xml:3:5-191
	android:largeScreens
		ADDED from platforms\android\AndroidManifest.xml:3:49-76
	android:smallScreens
		ADDED from platforms\android\AndroidManifest.xml:3:132-159
	android:normalScreens
		ADDED from platforms\android\AndroidManifest.xml:3:77-105
	android:xlargeScreens
		ADDED from platforms\android\AndroidManifest.xml:3:160-188
	android:resizeable
		ADDED from platforms\android\AndroidManifest.xml:3:106-131
	android:anyDensity
		ADDED from platforms\android\AndroidManifest.xml:3:23-48
uses-permission#android.permission.INTERNET
ADDED from platforms\android\AndroidManifest.xml:4:5-67
MERGED from [com.google.android.gms:play-services-ads-lite:10.2.1] AndroidManifest.xml:19:5-66
MERGED from [com.onesignal:OneSignal:3.5.7] AndroidManifest.xml:17:5-67
MERGED from [com.google.android.gms:play-services-gcm:10.2.1] AndroidManifest.xml:21:5-66
MERGED from [com.google.android.gms:play-services-iid:10.2.1] AndroidManifest.xml:21:5-66
	android:name
		ADDED from platforms\android\AndroidManifest.xml:4:22-64
application
ADDED from platforms\android\AndroidManifest.xml:5:5-35:19
MERGED from [com.google.android.gms:play-services-ads-lite:10.2.1] AndroidManifest.xml:23:5-27:19
MERGED from [com.google.android.gms:play-services-basement:10.2.1] AndroidManifest.xml:19:5-21:19
MERGED from [com.android.support:support-v4:26.0.0-alpha1] AndroidManifest.xml:29:5-20
MERGED from [com.android.support:support-compat:26.0.0-alpha1] AndroidManifest.xml:29:5-20
MERGED from [com.android.support:support-media-compat:26.0.0-alpha1] AndroidManifest.xml:29:5-20
MERGED from [com.android.support:support-core-utils:26.0.0-alpha1] AndroidManifest.xml:29:5-20
MERGED from [com.android.support:support-core-ui:26.0.0-alpha1] AndroidManifest.xml:29:5-20
MERGED from [com.android.support:support-fragment:26.0.0-alpha1] AndroidManifest.xml:29:5-20
MERGED from [com.google.android.gms:play-services-base:10.2.1] AndroidManifest.xml:18:5-20:19
MERGED from [com.google.android.gms:play-services-tasks:10.2.1] AndroidManifest.xml:4:5-19
MERGED from [com.google.android.gms:play-services-clearcut:10.2.1] AndroidManifest.xml:18:5-19
MERGED from [com.google.android.gms:play-services-gass:10.2.1] AndroidManifest.xml:4:5-19
MERGED from [com.android.support:appcompat-v7:26.0.0-alpha1] AndroidManifest.xml:29:5-20
MERGED from [com.android.support:support-vector-drawable:26.0.0-alpha1] AndroidManifest.xml:26:5-20
MERGED from [com.android.support:animated-vector-drawable:26.0.0-alpha1] AndroidManifest.xml:26:5-20
MERGED from [com.onesignal:OneSignal:3.5.7] AndroidManifest.xml:49:5-91:19
MERGED from [com.google.android.gms:play-services-gcm:10.2.1] AndroidManifest.xml:23:5-19
MERGED from [com.google.android.gms:play-services-iid:10.2.1] AndroidManifest.xml:23:5-19
MERGED from [com.google.android.gms:play-services-location:10.2.1] AndroidManifest.xml:4:5-19
MERGED from [com.android.support:customtabs:24.0.0] AndroidManifest.xml:22:5-20
MERGED from [com.google.android.gms:play-services-auth:10.2.1] AndroidManifest.xml:19:5-25:19
MERGED from [com.google.android.gms:play-services-identity:10.2.1] AndroidManifest.xml:18:5-19
MERGED from [com.facebook.android:facebook-android-sdk:4.14.1] AndroidManifest.xml:28:5-37:19
MERGED from [com.android.support:cardview-v7:23.4.0] AndroidManifest.xml:22:5-20
	android:label
		ADDED from platforms\android\AndroidManifest.xml:5:81-113
	android:supportsRtl
		ADDED from platforms\android\AndroidManifest.xml:5:114-140
	android:hardwareAccelerated
		ADDED from platforms\android\AndroidManifest.xml:5:18-52
	android:icon
		ADDED from platforms\android\AndroidManifest.xml:5:53-80
activity#app.movies4star.com.MainActivity
ADDED from platforms\android\AndroidManifest.xml:6:9-11:20
	android:label
		ADDED from platforms\android\AndroidManifest.xml:6:97-134
	android:launchMode
		ADDED from platforms\android\AndroidManifest.xml:6:135-165
	android:windowSoftInputMode
		ADDED from platforms\android\AndroidManifest.xml:6:257-299
	android:configChanges
		ADDED from platforms\android\AndroidManifest.xml:6:19-96
	android:theme
		ADDED from platforms\android\AndroidManifest.xml:6:194-256
	android:name
		ADDED from platforms\android\AndroidManifest.xml:6:166-193
intent-filter#android.intent.action.MAIN+android.intent.category.LAUNCHER
ADDED from platforms\android\AndroidManifest.xml:7:13-10:29
	android:label
		ADDED from platforms\android\AndroidManifest.xml:7:28-65
action#android.intent.action.MAIN
ADDED from platforms\android\AndroidManifest.xml:8:17-69
	android:name
		ADDED from platforms\android\AndroidManifest.xml:8:25-66
category#android.intent.category.LAUNCHER
ADDED from platforms\android\AndroidManifest.xml:9:17-77
	android:name
		ADDED from platforms\android\AndroidManifest.xml:9:27-74
activity#com.google.android.gms.ads.AdActivity
ADDED from platforms\android\AndroidManifest.xml:12:9-233
MERGED from [com.google.android.gms:play-services-ads-lite:10.2.1] AndroidManifest.xml:25:9-232
	android:configChanges
		ADDED from platforms\android\AndroidManifest.xml:12:19-128
	android:theme
		ADDED from platforms\android\AndroidManifest.xml:12:182-230
	android:name
		ADDED from platforms\android\AndroidManifest.xml:12:129-181
receiver#cordova.plugins.Diagnostic$LocationProviderChangedReceiver
ADDED from platforms\android\AndroidManifest.xml:13:9-17:20
	android:name
		ADDED from platforms\android\AndroidManifest.xml:13:19-92
intent-filter#android.location.PROVIDERS_CHANGED
ADDED from platforms\android\AndroidManifest.xml:14:13-16:29
action#android.location.PROVIDERS_CHANGED
ADDED from platforms\android\AndroidManifest.xml:15:17-77
	android:name
		ADDED from platforms\android\AndroidManifest.xml:15:25-74
receiver#cordova.plugins.Diagnostic$NFCStateChangedReceiver
ADDED from platforms\android\AndroidManifest.xml:18:9-22:20
	android:name
		ADDED from platforms\android\AndroidManifest.xml:18:19-84
intent-filter#android.nfc.action.ADAPTER_STATE_CHANGED
ADDED from platforms\android\AndroidManifest.xml:19:13-21:29
action#android.nfc.action.ADAPTER_STATE_CHANGED
ADDED from platforms\android\AndroidManifest.xml:20:17-83
	android:name
		ADDED from platforms\android\AndroidManifest.xml:20:25-80
amazon:enable-feature
ADDED from platforms\android\AndroidManifest.xml:23:9-159
	xmlns:amazon
		ADDED from platforms\android\AndroidManifest.xml:23:100-156
	android:required
		ADDED from platforms\android\AndroidManifest.xml:23:75-99
	android:name
		ADDED from platforms\android\AndroidManifest.xml:23:32-74
service#com.onesignal.ADMMessageHandler
ADDED from platforms\android\AndroidManifest.xml:24:9-92
	android:exported
		ADDED from platforms\android\AndroidManifest.xml:24:18-42
	android:name
		ADDED from platforms\android\AndroidManifest.xml:24:43-89
receiver#com.onesignal.ADMMessageHandler$Receiver
ADDED from platforms\android\AndroidManifest.xml:25:9-31:20
	android:permission
		ADDED from platforms\android\AndroidManifest.xml:25:75-139
	android:name
		ADDED from platforms\android\AndroidManifest.xml:25:19-74
intent-filter#app.movies4star.com+com.amazon.device.messaging.intent.RECEIVE+com.amazon.device.messaging.intent.REGISTRATION
ADDED from platforms\android\AndroidManifest.xml:26:13-30:29
action#com.amazon.device.messaging.intent.REGISTRATION
ADDED from platforms\android\AndroidManifest.xml:27:17-90
	android:name
		ADDED from platforms\android\AndroidManifest.xml:27:25-87
action#com.amazon.device.messaging.intent.RECEIVE
ADDED from platforms\android\AndroidManifest.xml:28:17-85
	android:name
		ADDED from platforms\android\AndroidManifest.xml:28:25-82
category#app.movies4star.com
ADDED from platforms\android\AndroidManifest.xml:29:17-64
	android:name
		ADDED from platforms\android\AndroidManifest.xml:29:27-61
meta-data#com.facebook.sdk.ApplicationId
ADDED from platforms\android\AndroidManifest.xml:32:9-102
	android:value
		ADDED from platforms\android\AndroidManifest.xml:32:66-99
	android:name
		ADDED from platforms\android\AndroidManifest.xml:32:20-65
meta-data#com.facebook.sdk.ApplicationName
ADDED from platforms\android\AndroidManifest.xml:33:9-106
	android:value
		ADDED from platforms\android\AndroidManifest.xml:33:68-103
	android:name
		ADDED from platforms\android\AndroidManifest.xml:33:20-67
activity#com.facebook.FacebookActivity
ADDED from platforms\android\AndroidManifest.xml:34:9-246
MERGED from [com.facebook.android:facebook-android-sdk:4.14.1] AndroidManifest.xml:29:9-32:75
	android:label
		ADDED from platforms\android\AndroidManifest.xml:34:103-138
	android:configChanges
		ADDED from platforms\android\AndroidManifest.xml:34:19-102
	android:theme
		ADDED from platforms\android\AndroidManifest.xml:34:184-243
	android:name
		ADDED from platforms\android\AndroidManifest.xml:34:139-183
uses-sdk
ADDED from platforms\android\AndroidManifest.xml:36:5-74
MERGED from [com.google.android.gms:play-services-ads:10.2.1] AndroidManifest.xml:17:5-43
MERGED from [com.google.android.gms:play-services-ads-lite:10.2.1] AndroidManifest.xml:22:5-43
MERGED from [com.google.android.gms:play-services-basement:10.2.1] AndroidManifest.xml:17:5-43
MERGED from [com.android.support:support-v4:26.0.0-alpha1] AndroidManifest.xml:21:5-23:54
MERGED from [com.android.support:support-compat:26.0.0-alpha1] AndroidManifest.xml:21:5-23:58
MERGED from [com.android.support:support-media-compat:26.0.0-alpha1] AndroidManifest.xml:21:5-23:63
MERGED from [com.android.support:support-core-utils:26.0.0-alpha1] AndroidManifest.xml:21:5-23:61
MERGED from [com.android.support:support-core-ui:26.0.0-alpha1] AndroidManifest.xml:21:5-23:58
MERGED from [com.android.support:support-fragment:26.0.0-alpha1] AndroidManifest.xml:21:5-23:60
MERGED from [com.google.android.gms:play-services-base:10.2.1] AndroidManifest.xml:17:5-43
MERGED from [com.google.android.gms:play-services-tasks:10.2.1] AndroidManifest.xml:3:5-43
MERGED from [com.google.android.gms:play-services-clearcut:10.2.1] AndroidManifest.xml:17:5-43
MERGED from [com.google.android.gms:play-services-gass:10.2.1] AndroidManifest.xml:3:5-43
MERGED from [com.android.support:appcompat-v7:26.0.0-alpha1] AndroidManifest.xml:21:5-23:78
MERGED from [com.android.support:support-vector-drawable:26.0.0-alpha1] AndroidManifest.xml:20:5-44
MERGED from [com.android.support:animated-vector-drawable:26.0.0-alpha1] AndroidManifest.xml:20:5-44
MERGED from [com.onesignal:OneSignal:3.5.7] AndroidManifest.xml:5:5-7:62
MERGED from [com.google.android.gms:play-services-gcm:10.2.1] AndroidManifest.xml:17:5-43
MERGED from [com.google.android.gms:play-services-iid:10.2.1] AndroidManifest.xml:17:5-43
MERGED from [com.google.android.gms:play-services-location:10.2.1] AndroidManifest.xml:3:5-43
MERGED from [com.android.support:customtabs:24.0.0] AndroidManifest.xml:20:5-44
MERGED from [com.google.android.gms:play-services-auth:10.2.1] AndroidManifest.xml:17:5-43
MERGED from [com.google.android.gms:play-services-auth-base:10.2.1] AndroidManifest.xml:4:5-43
MERGED from [com.google.android.gms:play-services-identity:10.2.1] AndroidManifest.xml:17:5-43
MERGED from [com.facebook.android:facebook-android-sdk:4.14.1] AndroidManifest.xml:24:5-26:41
MERGED from [com.android.support:cardview-v7:23.4.0] AndroidManifest.xml:20:5-43
MERGED from [android:CordovaLib:unspecified:debug] AndroidManifest.xml:25:5-44
	tools:overrideLibrary
		ADDED from [com.android.support:support-v4:26.0.0-alpha1] AndroidManifest.xml:23:9-51
	android:targetSdkVersion
		ADDED from platforms\android\AndroidManifest.xml:36:42-71
	android:minSdkVersion
		ADDED from platforms\android\AndroidManifest.xml:36:15-41
uses-permission#android.permission.ACCESS_NETWORK_STATE
ADDED from platforms\android\AndroidManifest.xml:37:5-79
MERGED from [com.google.android.gms:play-services-ads-lite:10.2.1] AndroidManifest.xml:20:5-78
MERGED from [com.onesignal:OneSignal:3.5.7] AndroidManifest.xml:25:5-79
	android:name
		ADDED from platforms\android\AndroidManifest.xml:37:22-76
uses-permission#com.amazon.device.messaging.permission.RECEIVE
ADDED from platforms\android\AndroidManifest.xml:38:5-86
	android:name
		ADDED from platforms\android\AndroidManifest.xml:38:22-83
permission#app.movies4star.com.permission.RECEIVE_ADM_MESSAGE
ADDED from platforms\android\AndroidManifest.xml:39:5-121
	android:protectionLevel
		ADDED from platforms\android\AndroidManifest.xml:39:83-118
	android:name
		ADDED from platforms\android\AndroidManifest.xml:39:17-82
uses-permission#app.movies4star.com.permission.RECEIVE_ADM_MESSAGE
ADDED from platforms\android\AndroidManifest.xml:40:5-90
	android:name
		ADDED from platforms\android\AndroidManifest.xml:40:22-87
uses-permission#android.permission.WRITE_EXTERNAL_STORAGE
ADDED from platforms\android\AndroidManifest.xml:41:5-81
	android:name
		ADDED from platforms\android\AndroidManifest.xml:41:22-78
uses-permission#android.permission.MOUNT_UNMOUNT_FILESYSTEMS
ADDED from platforms\android\AndroidManifest.xml:42:5-84
	android:name
		ADDED from platforms\android\AndroidManifest.xml:42:22-81
uses-permission#android.permission.GET_ACCOUNTS
ADDED from platforms\android\AndroidManifest.xml:43:5-71
	android:name
		ADDED from platforms\android\AndroidManifest.xml:43:22-68
uses-permission#android.permission.USE_CREDENTIALS
ADDED from platforms\android\AndroidManifest.xml:44:5-74
	android:name
		ADDED from platforms\android\AndroidManifest.xml:44:22-71
activity#com.google.android.gms.ads.purchase.InAppPurchaseActivity
ADDED from [com.google.android.gms:play-services-ads-lite:10.2.1] AndroidManifest.xml:26:9-131
	android:theme
		ADDED from [com.google.android.gms:play-services-ads-lite:10.2.1] AndroidManifest.xml:26:92-129
	android:name
		ADDED from [com.google.android.gms:play-services-ads-lite:10.2.1] AndroidManifest.xml:26:19-91
meta-data#com.google.android.gms.version
ADDED from [com.google.android.gms:play-services-basement:10.2.1] AndroidManifest.xml:20:9-121
	android:value
		ADDED from [com.google.android.gms:play-services-basement:10.2.1] AndroidManifest.xml:20:66-119
	android:name
		ADDED from [com.google.android.gms:play-services-basement:10.2.1] AndroidManifest.xml:20:20-65
meta-data#android.support.VERSION
ADDED from [com.android.support:support-v4:26.0.0-alpha1] AndroidManifest.xml:25:5-27:41
MERGED from [com.android.support:support-compat:26.0.0-alpha1] AndroidManifest.xml:25:5-27:41
MERGED from [com.android.support:support-media-compat:26.0.0-alpha1] AndroidManifest.xml:25:5-27:41
MERGED from [com.android.support:support-core-utils:26.0.0-alpha1] AndroidManifest.xml:25:5-27:41
MERGED from [com.android.support:support-core-ui:26.0.0-alpha1] AndroidManifest.xml:25:5-27:41
MERGED from [com.android.support:support-fragment:26.0.0-alpha1] AndroidManifest.xml:25:5-27:41
MERGED from [com.android.support:appcompat-v7:26.0.0-alpha1] AndroidManifest.xml:25:5-27:41
MERGED from [com.android.support:support-vector-drawable:26.0.0-alpha1] AndroidManifest.xml:22:5-24:41
MERGED from [com.android.support:animated-vector-drawable:26.0.0-alpha1] AndroidManifest.xml:22:5-24:41
	android:value
		ADDED from [com.android.support:support-v4:26.0.0-alpha1] AndroidManifest.xml:27:9-38
	android:name
		ADDED from [com.android.support:support-v4:26.0.0-alpha1] AndroidManifest.xml:26:9-47
activity#com.google.android.gms.common.api.GoogleApiActivity
ADDED from [com.google.android.gms:play-services-base:10.2.1] AndroidManifest.xml:19:9-172
	android:exported
		ADDED from [com.google.android.gms:play-services-base:10.2.1] AndroidManifest.xml:19:146-170
	android:theme
		ADDED from [com.google.android.gms:play-services-base:10.2.1] AndroidManifest.xml:19:86-145
	android:name
		ADDED from [com.google.android.gms:play-services-base:10.2.1] AndroidManifest.xml:19:19-85
permission#${applicationId}.permission.C2D_MESSAGE
ADDED from [com.onesignal:OneSignal:3.5.7] AndroidManifest.xml:10:5-12:47
	android:protectionLevel
		ADDED from [com.onesignal:OneSignal:3.5.7] AndroidManifest.xml:12:9-44
	android:name
		ADDED from [com.onesignal:OneSignal:3.5.7] AndroidManifest.xml:11:9-63
uses-permission#${applicationId}.permission.C2D_MESSAGE
ADDED from [com.onesignal:OneSignal:3.5.7] AndroidManifest.xml:14:5-79
	android:name
		ADDED from [com.onesignal:OneSignal:3.5.7] AndroidManifest.xml:14:22-76
uses-permission#com.google.android.c2dm.permission.RECEIVE
ADDED from [com.onesignal:OneSignal:3.5.7] AndroidManifest.xml:18:5-82
MERGED from [com.google.android.gms:play-services-gcm:10.2.1] AndroidManifest.xml:20:5-81
MERGED from [com.google.android.gms:play-services-iid:10.2.1] AndroidManifest.xml:20:5-81
	android:name
		ADDED from [com.onesignal:OneSignal:3.5.7] AndroidManifest.xml:18:22-79
uses-permission#android.permission.WAKE_LOCK
ADDED from [com.onesignal:OneSignal:3.5.7] AndroidManifest.xml:19:5-68
	android:name
		ADDED from [com.onesignal:OneSignal:3.5.7] AndroidManifest.xml:19:22-65
uses-permission#android.permission.VIBRATE
ADDED from [com.onesignal:OneSignal:3.5.7] AndroidManifest.xml:24:5-66
	android:name
		ADDED from [com.onesignal:OneSignal:3.5.7] AndroidManifest.xml:24:22-63
uses-permission#android.permission.RECEIVE_BOOT_COMPLETED
ADDED from [com.onesignal:OneSignal:3.5.7] AndroidManifest.xml:30:5-81
	android:name
		ADDED from [com.onesignal:OneSignal:3.5.7] AndroidManifest.xml:30:22-78
uses-permission#com.sec.android.provider.badge.permission.READ
ADDED from [com.onesignal:OneSignal:3.5.7] AndroidManifest.xml:32:5-86
	android:name
		ADDED from [com.onesignal:OneSignal:3.5.7] AndroidManifest.xml:32:22-83
uses-permission#com.sec.android.provider.badge.permission.WRITE
ADDED from [com.onesignal:OneSignal:3.5.7] AndroidManifest.xml:33:5-87
	android:name
		ADDED from [com.onesignal:OneSignal:3.5.7] AndroidManifest.xml:33:22-84
uses-permission#com.htc.launcher.permission.READ_SETTINGS
ADDED from [com.onesignal:OneSignal:3.5.7] AndroidManifest.xml:34:5-81
	android:name
		ADDED from [com.onesignal:OneSignal:3.5.7] AndroidManifest.xml:34:22-78
uses-permission#com.htc.launcher.permission.UPDATE_SHORTCUT
ADDED from [com.onesignal:OneSignal:3.5.7] AndroidManifest.xml:35:5-83
	android:name
		ADDED from [com.onesignal:OneSignal:3.5.7] AndroidManifest.xml:35:22-80
uses-permission#com.sonyericsson.home.permission.BROADCAST_BADGE
ADDED from [com.onesignal:OneSignal:3.5.7] AndroidManifest.xml:36:5-88
	android:name
		ADDED from [com.onesignal:OneSignal:3.5.7] AndroidManifest.xml:36:22-85
uses-permission#com.sonymobile.home.permission.PROVIDER_INSERT_BADGE
ADDED from [com.onesignal:OneSignal:3.5.7] AndroidManifest.xml:37:5-92
	android:name
		ADDED from [com.onesignal:OneSignal:3.5.7] AndroidManifest.xml:37:22-89
uses-permission#com.anddoes.launcher.permission.UPDATE_COUNT
ADDED from [com.onesignal:OneSignal:3.5.7] AndroidManifest.xml:38:5-84
	android:name
		ADDED from [com.onesignal:OneSignal:3.5.7] AndroidManifest.xml:38:22-81
uses-permission#com.majeur.launcher.permission.UPDATE_BADGE
ADDED from [com.onesignal:OneSignal:3.5.7] AndroidManifest.xml:39:5-83
	android:name
		ADDED from [com.onesignal:OneSignal:3.5.7] AndroidManifest.xml:39:22-80
uses-permission#com.huawei.android.launcher.permission.CHANGE_BADGE
ADDED from [com.onesignal:OneSignal:3.5.7] AndroidManifest.xml:40:5-91
	android:name
		ADDED from [com.onesignal:OneSignal:3.5.7] AndroidManifest.xml:40:22-88
uses-permission#com.huawei.android.launcher.permission.READ_SETTINGS
ADDED from [com.onesignal:OneSignal:3.5.7] AndroidManifest.xml:41:5-92
	android:name
		ADDED from [com.onesignal:OneSignal:3.5.7] AndroidManifest.xml:41:22-89
uses-permission#com.huawei.android.launcher.permission.WRITE_SETTINGS
ADDED from [com.onesignal:OneSignal:3.5.7] AndroidManifest.xml:42:5-93
	android:name
		ADDED from [com.onesignal:OneSignal:3.5.7] AndroidManifest.xml:42:22-90
uses-permission#android.permission.READ_APP_BADGE
ADDED from [com.onesignal:OneSignal:3.5.7] AndroidManifest.xml:43:5-73
	android:name
		ADDED from [com.onesignal:OneSignal:3.5.7] AndroidManifest.xml:43:22-70
uses-permission#com.oppo.launcher.permission.READ_SETTINGS
ADDED from [com.onesignal:OneSignal:3.5.7] AndroidManifest.xml:44:5-82
	android:name
		ADDED from [com.onesignal:OneSignal:3.5.7] AndroidManifest.xml:44:22-79
uses-permission#com.oppo.launcher.permission.WRITE_SETTINGS
ADDED from [com.onesignal:OneSignal:3.5.7] AndroidManifest.xml:45:5-83
	android:name
		ADDED from [com.onesignal:OneSignal:3.5.7] AndroidManifest.xml:45:22-80
uses-permission#me.everything.badger.permission.BADGE_COUNT_READ
ADDED from [com.onesignal:OneSignal:3.5.7] AndroidManifest.xml:46:5-88
	android:name
		ADDED from [com.onesignal:OneSignal:3.5.7] AndroidManifest.xml:46:22-85
uses-permission#me.everything.badger.permission.BADGE_COUNT_WRITE
ADDED from [com.onesignal:OneSignal:3.5.7] AndroidManifest.xml:47:5-89
	android:name
		ADDED from [com.onesignal:OneSignal:3.5.7] AndroidManifest.xml:47:22-86
meta-data#onesignal_app_id
ADDED from [com.onesignal:OneSignal:3.5.7] AndroidManifest.xml:50:9-52:51
	android:value
		ADDED from [com.onesignal:OneSignal:3.5.7] AndroidManifest.xml:52:13-48
	android:name
		ADDED from [com.onesignal:OneSignal:3.5.7] AndroidManifest.xml:51:13-44
meta-data#onesignal_google_project_number
ADDED from [com.onesignal:OneSignal:3.5.7] AndroidManifest.xml:54:9-56:70
	android:value
		ADDED from [com.onesignal:OneSignal:3.5.7] AndroidManifest.xml:56:13-67
	android:name
		ADDED from [com.onesignal:OneSignal:3.5.7] AndroidManifest.xml:55:13-59
receiver#com.onesignal.GcmBroadcastReceiver
ADDED from [com.onesignal:OneSignal:3.5.7] AndroidManifest.xml:58:9-68:20
	android:permission
		ADDED from [com.onesignal:OneSignal:3.5.7] AndroidManifest.xml:60:13-73
	android:name
		ADDED from [com.onesignal:OneSignal:3.5.7] AndroidManifest.xml:59:13-62
intent-filter#${applicationId}+com.google.android.c2dm.intent.RECEIVE
ADDED from [com.onesignal:OneSignal:3.5.7] AndroidManifest.xml:63:13-67:29
	android:priority
		ADDED from [com.onesignal:OneSignal:3.5.7] AndroidManifest.xml:63:28-50
action#com.google.android.c2dm.intent.RECEIVE
ADDED from [com.onesignal:OneSignal:3.5.7] AndroidManifest.xml:64:17-81
	android:name
		ADDED from [com.onesignal:OneSignal:3.5.7] AndroidManifest.xml:64:25-78
category#${applicationId}
ADDED from [com.onesignal:OneSignal:3.5.7] AndroidManifest.xml:66:17-61
	android:name
		ADDED from [com.onesignal:OneSignal:3.5.7] AndroidManifest.xml:66:27-58
receiver#com.onesignal.NotificationOpenedReceiver
ADDED from [com.onesignal:OneSignal:3.5.7] AndroidManifest.xml:69:9-77
	android:name
		ADDED from [com.onesignal:OneSignal:3.5.7] AndroidManifest.xml:69:19-74
service#com.onesignal.GcmIntentService
ADDED from [com.onesignal:OneSignal:3.5.7] AndroidManifest.xml:71:9-66
	android:name
		ADDED from [com.onesignal:OneSignal:3.5.7] AndroidManifest.xml:71:18-63
service#com.onesignal.SyncService
ADDED from [com.onesignal:OneSignal:3.5.7] AndroidManifest.xml:72:9-61
	android:name
		ADDED from [com.onesignal:OneSignal:3.5.7] AndroidManifest.xml:72:18-58
activity#com.onesignal.PermissionsActivity
ADDED from [com.onesignal:OneSignal:3.5.7] AndroidManifest.xml:74:9-76:75
	android:theme
		ADDED from [com.onesignal:OneSignal:3.5.7] AndroidManifest.xml:76:13-72
	android:name
		ADDED from [com.onesignal:OneSignal:3.5.7] AndroidManifest.xml:75:13-61
service#com.onesignal.NotificationRestoreService
ADDED from [com.onesignal:OneSignal:3.5.7] AndroidManifest.xml:78:9-76
	android:name
		ADDED from [com.onesignal:OneSignal:3.5.7] AndroidManifest.xml:78:18-73
receiver#com.onesignal.BootUpReceiver
ADDED from [com.onesignal:OneSignal:3.5.7] AndroidManifest.xml:80:9-85:20
	android:name
		ADDED from [com.onesignal:OneSignal:3.5.7] AndroidManifest.xml:80:19-62
intent-filter#android.intent.action.BOOT_COMPLETED+android.intent.action.QUICKBOOT_POWERON
ADDED from [com.onesignal:OneSignal:3.5.7] AndroidManifest.xml:81:13-84:29
action#android.intent.action.BOOT_COMPLETED
ADDED from [com.onesignal:OneSignal:3.5.7] AndroidManifest.xml:82:17-79
	android:name
		ADDED from [com.onesignal:OneSignal:3.5.7] AndroidManifest.xml:82:25-76
action#android.intent.action.QUICKBOOT_POWERON
ADDED from [com.onesignal:OneSignal:3.5.7] AndroidManifest.xml:83:17-82
	android:name
		ADDED from [com.onesignal:OneSignal:3.5.7] AndroidManifest.xml:83:25-79
receiver#com.onesignal.UpgradeReceiver
ADDED from [com.onesignal:OneSignal:3.5.7] AndroidManifest.xml:86:9-90:20
	android:name
		ADDED from [com.onesignal:OneSignal:3.5.7] AndroidManifest.xml:86:19-63
intent-filter#android.intent.action.MY_PACKAGE_REPLACED
ADDED from [com.onesignal:OneSignal:3.5.7] AndroidManifest.xml:87:13-89:29
action#android.intent.action.MY_PACKAGE_REPLACED
ADDED from [com.onesignal:OneSignal:3.5.7] AndroidManifest.xml:88:17-84
	android:name
		ADDED from [com.onesignal:OneSignal:3.5.7] AndroidManifest.xml:88:25-81
activity#com.google.android.gms.auth.api.signin.internal.SignInHubActivity
ADDED from [com.google.android.gms:play-services-auth:10.2.1] AndroidManifest.xml:20:9-189
	android:excludeFromRecents
		ADDED from [com.google.android.gms:play-services-auth:10.2.1] AndroidManifest.xml:20:129-162
	android:exported
		ADDED from [com.google.android.gms:play-services-auth:10.2.1] AndroidManifest.xml:20:163-187
	android:theme
		ADDED from [com.google.android.gms:play-services-auth:10.2.1] AndroidManifest.xml:20:69-128
	android:name
		ADDED from [com.google.android.gms:play-services-auth:10.2.1] AndroidManifest.xml:20:19-68
service#com.google.android.gms.auth.api.signin.RevocationBoundService
ADDED from [com.google.android.gms:play-services-auth:10.2.1] AndroidManifest.xml:24:9-184
	android:exported
		ADDED from [com.google.android.gms:play-services-auth:10.2.1] AndroidManifest.xml:24:64-87
	android:permission
		ADDED from [com.google.android.gms:play-services-auth:10.2.1] AndroidManifest.xml:24:88-182
	android:name
		ADDED from [com.google.android.gms:play-services-auth:10.2.1] AndroidManifest.xml:24:18-63
activity#com.facebook.CustomTabActivity
ADDED from [com.facebook.android:facebook-android-sdk:4.14.1] AndroidManifest.xml:33:9-36:20
	android:exported
		ADDED from [com.facebook.android:facebook-android-sdk:4.14.1] AndroidManifest.xml:35:13-36
	android:name
		ADDED from [com.facebook.android:facebook-android-sdk:4.14.1] AndroidManifest.xml:34:13-58